<?xml version="1.0" encoding="UTF-8" ?>
<testsuite tests="1" failures="0" name="org.junit.runner.manipulation.Filter" time="0.003" errors="1" skipped="0">
  <properties>
[...]
</properties>
  <testcase classname="org.junit.runner.manipulation.Filter" name="initializationError" time="0.003">
    <error message="No tests found matching By methodrunTestID2 from org.junit.runner.Request$1@68fb2c38" type="java.lang.Exception">java.lang.Exception: No tests found matching By methodrunTestID2 from org.junit.runner.Request$1@68fb2c38
	at org.junit.internal.requests.FilterRequest.getRunner(FilterRequest.java:35)
	at org.junit.runner.JUnitCore.run(JUnitCore.java:138)
	at org.apache.maven.surefire.junitcore.JUnitCoreWrapper.execute(JUnitCoreWrapper.java:62)
	at org.apache.maven.surefire.junitcore.JUnitCoreProvider.invoke(JUnitCoreProvider.java:139)
	at sun.reflect.NativeMethodAccessorImpl.invoke0(Native Method)
	at sun.reflect.NativeMethodAccessorImpl.invoke(NativeMethodAccessorImpl.java:62)
	at sun.reflect.DelegatingMethodAccessorImpl.invoke(DelegatingMethodAccessorImpl.java:43)
	at java.lang.reflect.Method.invoke(Method.java:497)
	at org.apache.maven.surefire.util.ReflectionUtils.invokeMethodWithArray(ReflectionUtils.java:189)
	at org.apache.maven.surefire.booter.ProviderFactory$ProviderProxy.invoke(ProviderFactory.java:165)
	at org.apache.maven.surefire.booter.ProviderFactory.invokeProvider(ProviderFactory.java:85)
	at org.apache.maven.surefire.booter.ForkedBooter.runSuitesInProcess(ForkedBooter.java:115)
	at org.apache.maven.surefire.booter.ForkedBooter.main(ForkedBooter.java:75)
</error>
  </testcase>
</testsuite>